<?xml version="1.0" encoding="UTF-8"?>
<!-- Generated by org.testng.reporters.JUnitXMLReporter -->
<testsuite hostname="Infva05834" ignored="0" name="Test" tests="3" failures="0" timestamp="05 Oct 2018 08:48:30 GMT" time="13.269" errors="0">
  <testcase name="TestExecute" time="7.985" classname="testCases.ExecuteTest"/>
  <testcase name="TestExecute" time="1.623" classname="testCases.ExecuteTest"/>
  <testcase name="TestExecute" time="3.309" classname="testCases.ExecuteTest"/>
</testsuite> <!-- Test -->
