<?xml version="1.0" encoding="UTF-8"?>
<testng-results skipped="0" failed="0" ignored="0" total="2" passed="2">
  <reporter-output>
  </reporter-output>
  <suite name="Default suite" duration-ms="9295" started-at="2018-10-05T06:15:10Z" finished-at="2018-10-05T06:15:19Z">
    <groups>
    </groups>
    <test name="Default test" duration-ms="9295" started-at="2018-10-05T06:15:10Z" finished-at="2018-10-05T06:15:19Z">
      <class name="testCases.ExecuteTest">
        <test-method status="PASS" signature="BeforeSuite()[pri:0, instance:testCases.ExecuteTest@6e4784bc]" name="BeforeSuite" is-config="true" duration-ms="7886" started-at="2018-10-05T06:15:02Z" finished-at="2018-10-05T06:15:10Z">
          <reporter-output>
          </reporter-output>
        </test-method> <!-- BeforeSuite -->
        <test-method status="PASS" signature="TestExecute(java.lang.String, java.lang.String)[pri:0, instance:testCases.ExecuteTest@6e4784bc]" name="TestExecute" duration-ms="7527" started-at="2018-10-05T06:15:10Z" data-provider="dp" finished-at="2018-10-05T06:15:18Z">
          <params>
            <param index="0">
              <value>
                <![CDATA[SIGNUP]]>
              </value>
            </param>
            <param index="1">
              <value>
                <![CDATA[mpremchand99@gmail.com,8424909709,India@123]]>
              </value>
            </param>
          </params>
          <reporter-output>
          </reporter-output>
        </test-method> <!-- TestExecute -->
        <test-method status="PASS" signature="TestExecute(java.lang.String, java.lang.String)[pri:0, instance:testCases.ExecuteTest@6e4784bc]" name="TestExecute" duration-ms="1249" started-at="2018-10-05T06:15:18Z" data-provider="dp" finished-at="2018-10-05T06:15:19Z">
          <params>
            <param index="0">
              <value>
                <![CDATA[Login]]>
              </value>
            </param>
            <param index="1">
              <value>
                <![CDATA[mpremchand99@gmail.com,India@123]]>
              </value>
            </param>
          </params>
          <reporter-output>
          </reporter-output>
        </test-method> <!-- TestExecute -->
        <test-method status="PASS" signature="AfterSuite()[pri:0, instance:testCases.ExecuteTest@6e4784bc]" name="AfterSuite" is-config="true" duration-ms="1012" started-at="2018-10-05T06:15:19Z" finished-at="2018-10-05T06:15:20Z">
          <reporter-output>
          </reporter-output>
        </test-method> <!-- AfterSuite -->
      </class> <!-- testCases.ExecuteTest -->
    </test> <!-- Default test -->
  </suite> <!-- Default suite -->
</testng-results>
