<?xml version="1.0" encoding="UTF-8"?>
<testng-results skipped="0" failed="0" ignored="0" total="3" passed="3">
  <reporter-output>
  </reporter-output>
  <suite name="Suite" duration-ms="13269" started-at="2018-10-05T08:48:17Z" finished-at="2018-10-05T08:48:30Z">
    <groups>
    </groups>
    <test name="Test" duration-ms="13269" started-at="2018-10-05T08:48:17Z" finished-at="2018-10-05T08:48:30Z">
      <class name="testCases.ExecuteTest">
        <test-method status="PASS" signature="BeforeSuite()[pri:0, instance:testCases.ExecuteTest@2667f029]" name="BeforeSuite" is-config="true" duration-ms="13849" started-at="2018-10-05T08:48:03Z" finished-at="2018-10-05T08:48:17Z">
          <reporter-output>
          </reporter-output>
        </test-method> <!-- BeforeSuite -->
        <test-method status="PASS" signature="TestExecute(java.lang.String, java.lang.String)[pri:0, instance:testCases.ExecuteTest@2667f029]" name="TestExecute" duration-ms="7985" started-at="2018-10-05T08:48:17Z" data-provider="dp" finished-at="2018-10-05T08:48:25Z">
          <params>
            <param index="0">
              <value>
                <![CDATA[SIGNUP]]>
              </value>
            </param>
            <param index="1">
              <value>
                <![CDATA[mpremchand99@gmail.com,8424909709,India@123]]>
              </value>
            </param>
          </params>
          <reporter-output>
          </reporter-output>
        </test-method> <!-- TestExecute -->
        <test-method status="PASS" signature="TestExecute(java.lang.String, java.lang.String)[pri:0, instance:testCases.ExecuteTest@2667f029]" name="TestExecute" duration-ms="1623" started-at="2018-10-05T08:48:25Z" data-provider="dp" finished-at="2018-10-05T08:48:27Z">
          <params>
            <param index="0">
              <value>
                <![CDATA[Login]]>
              </value>
            </param>
            <param index="1">
              <value>
                <![CDATA[mpremchand99@gmail.com,India@123]]>
              </value>
            </param>
          </params>
          <reporter-output>
          </reporter-output>
        </test-method> <!-- TestExecute -->
        <test-method status="PASS" signature="TestExecute(java.lang.String, java.lang.String)[pri:0, instance:testCases.ExecuteTest@2667f029]" name="TestExecute" duration-ms="3309" started-at="2018-10-05T08:48:27Z" data-provider="dp" finished-at="2018-10-05T08:48:30Z">
          <params>
            <param index="0">
              <value>
                <![CDATA[search]]>
              </value>
            </param>
            <param index="1">
              <value>
                <![CDATA[NA]]>
              </value>
            </param>
          </params>
          <reporter-output>
          </reporter-output>
        </test-method> <!-- TestExecute -->
        <test-method status="PASS" signature="AfterSuite()[pri:0, instance:testCases.ExecuteTest@2667f029]" name="AfterSuite" is-config="true" duration-ms="1089" started-at="2018-10-05T08:48:30Z" finished-at="2018-10-05T08:48:31Z">
          <reporter-output>
          </reporter-output>
        </test-method> <!-- AfterSuite -->
      </class> <!-- testCases.ExecuteTest -->
    </test> <!-- Test -->
  </suite> <!-- Suite -->
</testng-results>
